<?xml version="1.0" encoding="UTF-8"?>
<testsuite xmlns:xsi="http://www.w3.org/2001/XMLSchema-instance" xsi:noNamespaceSchemaLocation="https://maven.apache.org/surefire/maven-surefire-plugin/xsd/surefire-test-report-3.0.xsd" version="3.0" name="TestSuite" time="25.359" tests="1" errors="0" skipped="0" failures="0">
  <properties>
[...]
</properties>
  <testcase name="runScenarios[&quot;Verify Perminate Registration link&quot;, &quot;Optional[Registration - Perminent Registration]&quot;](1)" classname="com.raviautomation.runner.TestRunner" time="20.471">
    <system-out><![CDATA[
Scenario: Verify Perminate Registration link # src/main/java/com/raviautomation/features/registration.feature:3
Current system directory is ::::: E:\SeleniumTeaching\CodeDemo\CucumberTestNGExtentsFrameWork
Open Chrome Browser
Current system directory is ::::: E:\SeleniumTeaching\CodeDemo\CucumberTestNGExtentsFrameWork
navigated to registration link
  Given navigated to registration link       # com.raviautomation.steps.RegistrationSteps.navigated_to_registration_link()
verify perminate registration link
  Then verify perminate registration link    # com.raviautomation.steps.RegistrationSteps.verify_perminate_registration_link()
]]></system-out>
    <system-err><![CDATA[SLF4J: Failed to load class "org.slf4j.impl.StaticLoggerBinder".
SLF4J: Defaulting to no-operation (NOP) logger implementation
SLF4J: See http://www.slf4j.org/codes.html#StaticLoggerBinder for further details.
Starting ChromeDriver 86.0.4240.22 (398b0743353ff36fb1b82468f63a3a93b4e2e89e-refs/branch-heads/4240@{#378}) on port 32407
Only local connections are allowed.
Please see https://chromedriver.chromium.org/security-considerations for suggestions on keeping ChromeDriver safe.
ChromeDriver was started successfully.
Oct 18, 2020 6:48:44 PM org.openqa.selenium.remote.ProtocolHandshake createSession
INFO: Detected dialect: W3C
]]></system-err>
  </testcase>
</testsuite>